<?xml version="1.0" encoding="UTF-8"?>
<!-- Generated by org.testng.reporters.JUnitReportReporter -->
<testsuite hostname="AQMIT-LPT-10403" failures="0" tests="1" name="stepDefination.RunnerTestng" time="7.226" errors="0" timestamp="2022-10-01T18:06:56 IST" skipped="0">
  <testcase classname="stepDefination.RunnerTestng" name="runScenario" time="7.226"/>
  <system-out/>
</testsuite> <!-- stepDefination.RunnerTestng -->
